<?xml version="1.0" encoding="UTF-8"?>
<!-- Generated by org.testng.reporters.JUnitReportReporter -->
<testsuite skipped="0" hostname="IBM-Testing01" name="DemoWebShopTest.DemoWebShopRegister" tests="1" failures="0" timestamp="05 Mar 2020 05:59:49 GMT" time="15.795" errors="0">
  <testcase name="checklogin" time="15.795" classname="DemoWebShopTest.DemoWebShopRegister"/>
</testsuite> <!-- DemoWebShopTest.DemoWebShopRegister -->
