<?xml version="1.0" encoding="UTF-8"?>
<!-- Generated by org.testng.reporters.JUnitReportReporter -->
<testsuite skipped="0" hostname="IBM-Testing01" name="DemoWebShopTest.verifyLogin" tests="1" failures="0" timestamp="05 Mar 2020 04:58:09 GMT" time="25.319" errors="0">
  <testcase name="checklogin" time="25.319" classname="DemoWebShopTest.verifyLogin"/>
</testsuite> <!-- DemoWebShopTest.verifyLogin -->
