<?xml version="1.0" encoding="UTF-8"?>
<!-- Generated by org.testng.reporters.JUnitReportReporter -->
<testsuite skipped="0" hostname="IBM-Testing01" name="TestFactory.loginFactory" tests="1" failures="0" timestamp="05 Mar 2020 09:07:36 GMT" time="15.257" errors="0">
  <testcase name="checklogin" time="15.257" classname="TestFactory.loginFactory"/>
</testsuite> <!-- TestFactory.loginFactory -->
